<?xml version="1.0" encoding="UTF-8"?>
<testsuites name="Add, Edit and Delete records on Department Details screen" time="338" tests="12" failures="7" errors="0">
   <testsuite name="Add, Edit and Delete records on Department Details screen" tests="12" failures="7" errors="0" time="338" timestamp="2018-09-05 11:10:47" hostname="ROOPNARAS01 - 5CG7200TWH.SD.DIKA.BE" id="Test Suites/Regression Tests/Add, Edit and Delete records on Department Details screen">
      <properties>
         <property name="deviceName" value=""/>
         <property name="devicePlatform" value=""/>
         <property name="logFolder" value="C:\\Users\\ROOPNARAS01\\git\\Katalon Studio\\TestAutomation\\Reports\\Regression Tests\\Add, Edit and Delete records on Department Details screen\\20180905_111043"/>
         <property name="logFiles" value="C:\\Users\\ROOPNARAS01\\git\\Katalon Studio\\TestAutomation\\Reports\\Regression Tests\\Add, Edit and Delete records on Department Details screen\\20180905_111043\\execution0.log"/>
         <property name="attachments" value="C:\\Users\\ROOPNARAS01\\git\\Katalon Studio\\TestAutomation\\Reports\\Regression Tests\\Add, Edit and Delete records on Department Details screen\\20180905_111043\\1536131553106.png, C:\\Users\\ROOPNARAS01\\git\\Katalon Studio\\TestAutomation\\Reports\\Regression Tests\\Add, Edit and Delete records on Department Details screen\\20180905_111043\\1536131668278.png, C:\\Users\\ROOPNARAS01\\git\\Katalon Studio\\TestAutomation\\Reports\\Regression Tests\\Add, Edit and Delete records on Department Details screen\\20180905_111043\\1536131673797.png, C:\\Users\\ROOPNARAS01\\git\\Katalon Studio\\TestAutomation\\Reports\\Regression Tests\\Add, Edit and Delete records on Department Details screen\\20180905_111043\\1536131678834.png, C:\\Users\\ROOPNARAS01\\git\\Katalon Studio\\TestAutomation\\Reports\\Regression Tests\\Add, Edit and Delete records on Department Details screen\\20180905_111043\\1536131715834.png, C:\\Users\\ROOPNARAS01\\git\\Katalon Studio\\TestAutomation\\Reports\\Regression Tests\\Add, Edit and Delete records on Department Details screen\\20180905_111043\\1536131752518.png, C:\\Users\\ROOPNARAS01\\git\\Katalon Studio\\TestAutomation\\Reports\\Regression Tests\\Add, Edit and Delete records on Department Details screen\\20180905_111043\\1536131785532.png"/>
         <property name="hostName" value="ROOPNARAS01 - 5CG7200TWH.SD.DIKA.BE"/>
         <property name="os" value="Windows 10 64bit"/>
         <property name="katalonVersion" value="5.5.0.1"/>
         <property name="browser" value="Chrome 68.0.3440.106"/>
         <property name="hostAddress" value="10.136.80.126"/>
         <property name="sessionId" value="addb4ca4ff64f462c53d189f59e0734c"/>
         <property name="seleniumVersion" value="3.7.1"/>
         <property name="proxyInformation" value="ProxyInformation{proxyOption=NO_PROXY, proxyServerType=HTTP, password=, proxyServerAddress=, proxyServerPort=0}"/>
         <property name="platform" value="Windows 10"/>
      </properties>
      <testcase name="Test Cases/Login/Login" classname="Test Cases/Login/Login" status="PASSED">
         <system-out><![CDATA[2018-09-05 11:10:49 - [TEST_CASE][PASSED] - Test Cases/Login/Login: Test Cases/Login/Login

2018-09-05 11:10:50 - [TEST_STEP][PASSED] - openBrowser: Browser is opened with url: 'https://implementationnp.sdworx.co.uk/'

2018-09-05 11:11:24 - [MESSAGE][PASSED] - Browser is opened with url: 'https://implementationnp.sdworx.co.uk/'

2018-09-05 11:11:24 - [TEST_STEP][PASSED] - navigateToUrl: Navigate to 'https://implementationnp.sdworx.co.uk/' successfully

2018-09-05 11:11:25 - [MESSAGE][PASSED] - Navigate to 'https://implementationnp.sdworx.co.uk/' successfully

2018-09-05 11:11:25 - [TEST_STEP][PASSED] - setText: Text 'Sanjeev@sdworx.com' is set on object 'Object Repository/Login/input_loginfmt'

2018-09-05 11:11:28 - [MESSAGE][PASSED] - Text 'Sanjeev@sdworx.com' is set on object 'Object Repository/Login/input_loginfmt'

2018-09-05 11:11:28 - [TEST_STEP][PASSED] - click: Object: 'Object Repository/Login/input_idSIButton9' is clicked on

2018-09-05 11:11:28 - [MESSAGE][PASSED] - Object: 'Object Repository/Login/input_idSIButton9' is clicked on

2018-09-05 11:11:28 - [TEST_STEP][PASSED] - maximizeWindow: Current window maximized

2018-09-05 11:11:29 - [MESSAGE][PASSED] - Current window maximized]]></system-out>
         <system-err><![CDATA[]]></system-err>
      </testcase>
      <testcase name="Test Cases/Navigations/Navigation - Department" classname="Test Cases/Navigations/Navigation - Department" status="PASSED">
         <system-out><![CDATA[2018-09-05 11:11:29 - [TEST_CASE][PASSED] - Test Cases/Navigations/Navigation - Department: Test Cases/Navigations/Navigation - Department

2018-09-05 11:11:30 - [TEST_STEP][PASSED] - delay: Delayed 5 second(s)

2018-09-05 11:11:35 - [MESSAGE][PASSED] - Delayed 5 second(s)

2018-09-05 11:11:35 - [TEST_STEP][PASSED] - click: Object: 'Object Repository/Navigations/Navigation - Departments/span_Your Payroll Rules' is clicked on

2018-09-05 11:11:49 - [MESSAGE][PASSED] - Object: 'Object Repository/Navigations/Navigation - Departments/span_Your Payroll Rules' is clicked on

2018-09-05 11:11:49 - [TEST_STEP][PASSED] - delay: Delayed 2 second(s)

2018-09-05 11:11:51 - [MESSAGE][PASSED] - Delayed 2 second(s)

2018-09-05 11:11:51 - [TEST_STEP][PASSED] - click: Object: 'Object Repository/Navigations/Navigation - Departments/a_Departments' is clicked on

2018-09-05 11:11:56 - [MESSAGE][PASSED] - Object: 'Object Repository/Navigations/Navigation - Departments/a_Departments' is clicked on]]></system-out>
         <system-err><![CDATA[]]></system-err>
      </testcase>
      <testcase name="Test Cases/Dropdown Lists/Payroll Number - Department Details" classname="Test Cases/Dropdown Lists/Payroll Number - Department Details" status="FAILED">
         <failure type="FAILED" message="Unable to select option by value 'c252159e-8f76-44c3-81ae-5da3541da275' of object 'Object Repository/Dropdown Lists/Payroll Number - Department Details/select_181818 - Zing Zing19191'  using regular expression (Root cause: com.kms.katalon.core.webui.exception.WebElementNotFoundException: Web element with id: 'Object Repository/Dropdown Lists/Payroll Number - Department Details/select_181818 - Zing Zing19191' located by 'By.xpath: //select[@id = 'PayrollCompanyList' and @name = 'PayrollCompanyList' and (text() = '181818 - Zing Zing
191919 - Won Ton
171717 - Ming Ming
258963 - Ming Ming
' or . = '181818 - Zing Zing
191919 - Won Ton
171717 - Ming Ming
258963 - Ming Ming
')]' not found)"/>
         <system-out><![CDATA[2018-09-05 11:11:56 - [TEST_CASE][FAILED] - Test Cases/Dropdown Lists/Payroll Number - Department Details: Test Cases/Dropdown Lists/Payroll Number - Department Details FAILED because (of) Unable to select option by value 'c252159e-8f76-44c3-81ae-5da3541da275' of object 'Object Repository/Dropdown Lists/Payroll Number - Department Details/select_181818 - Zing Zing19191'  using regular expression (Root cause: com.kms.katalon.core.webui.exception.WebElementNotFoundException: Web element with id: 'Object Repository/Dropdown Lists/Payroll Number - Department Details/select_181818 - Zing Zing19191' located by 'By.xpath: //select[@id = 'PayrollCompanyList' and @name = 'PayrollCompanyList' and (text() = '181818 - Zing Zing
191919 - Won Ton
171717 - Ming Ming
258963 - Ming Ming
' or . = '181818 - Zing Zing
191919 - Won Ton
171717 - Ming Ming
258963 - Ming Ming
')]' not found)

2018-09-05 11:11:56 - [TEST_STEP][PASSED] - delay: Delayed 4 second(s)

2018-09-05 11:12:00 - [MESSAGE][PASSED] - Delayed 4 second(s)

2018-09-05 11:12:00 - [TEST_STEP][PASSED] - click: Object: 'Object Repository/Dropdown Lists/Payroll Number - Department Details/h3_Payroll Number' is clicked on

2018-09-05 11:12:01 - [MESSAGE][PASSED] - Object: 'Object Repository/Dropdown Lists/Payroll Number - Department Details/h3_Payroll Number' is clicked on

2018-09-05 11:12:01 - [TEST_STEP][FAILED] - selectOptionByValue: Unable to select option by value 'c252159e-8f76-44c3-81ae-5da3541da275' of object 'Object Repository/Dropdown Lists/Payroll Number - Department Details/select_181818 - Zing Zing19191'  using regular expression (Root cause: com.kms.katalon.core.webui.exception.WebElementNotFoundException: Web element with id: 'Object Repository/Dropdown Lists/Payroll Number - Department Details/select_181818 - Zing Zing19191' located by 'By.xpath: //select[@id = 'PayrollCompanyList' and @name = 'PayrollCompanyList' and (text() = '181818 - Zing Zing
191919 - Won Ton
171717 - Ming Ming
258963 - Ming Ming
' or . = '181818 - Zing Zing
191919 - Won Ton
171717 - Ming Ming
258963 - Ming Ming
')]' not found)

2018-09-05 11:12:33 - [MESSAGE][FAILED] - Unable to select option by value 'c252159e-8f76-44c3-81ae-5da3541da275' of object 'Object Repository/Dropdown Lists/Payroll Number - Department Details/select_181818 - Zing Zing19191'  using regular expression (Root cause: com.kms.katalon.core.webui.exception.WebElementNotFoundException: Web element with id: 'Object Repository/Dropdown Lists/Payroll Number - Department Details/select_181818 - Zing Zing19191' located by 'By.xpath: //select[@id = 'PayrollCompanyList' and @name = 'PayrollCompanyList' and (text() = '181818 - Zing Zing
191919 - Won Ton
171717 - Ming Ming
258963 - Ming Ming
' or . = '181818 - Zing Zing
191919 - Won Ton
171717 - Ming Ming
258963 - Ming Ming
')]' not found)
[[ATTACHMENT|C:\\Users\\ROOPNARAS01\\git\\Katalon Studio\\TestAutomation\\Reports\\Regression Tests\\Add, Edit and Delete records on Department Details screen\\20180905_111043\\1536131553106.png]]]]></system-out>
         <system-err><![CDATA[2018-09-05 11:11:56 - [TEST_CASE][FAILED] - Test Cases/Dropdown Lists/Payroll Number - Department Details: Test Cases/Dropdown Lists/Payroll Number - Department Details FAILED because (of) Unable to select option by value 'c252159e-8f76-44c3-81ae-5da3541da275' of object 'Object Repository/Dropdown Lists/Payroll Number - Department Details/select_181818 - Zing Zing19191'  using regular expression (Root cause: com.kms.katalon.core.webui.exception.WebElementNotFoundException: Web element with id: 'Object Repository/Dropdown Lists/Payroll Number - Department Details/select_181818 - Zing Zing19191' located by 'By.xpath: //select[@id = 'PayrollCompanyList' and @name = 'PayrollCompanyList' and (text() = '181818 - Zing Zing
191919 - Won Ton
171717 - Ming Ming
258963 - Ming Ming
' or . = '181818 - Zing Zing
191919 - Won Ton
171717 - Ming Ming
258963 - Ming Ming
')]' not found)]]></system-err>
      </testcase>
      <testcase name="Test Cases/Fields Validation/Department Details/Validation - Department Details" classname="Test Cases/Fields Validation/Department Details/Validation - Department Details" status="PASSED">
         <system-out><![CDATA[2018-09-05 11:12:33 - [TEST_CASE][PASSED] - Test Cases/Fields Validation/Department Details/Validation - Department Details: Test Cases/Fields Validation/Department Details/Validation - Department Details

2018-09-05 11:12:34 - [TEST_STEP][PASSED] - delay: Delayed 6 second(s)

2018-09-05 11:12:40 - [MESSAGE][PASSED] - Delayed 6 second(s)

2018-09-05 11:12:40 - [TEST_STEP][PASSED] - click: Object: 'Object Repository/Fields Validation/Department Details/Validation - Department Details/a_Add Department' is clicked on

2018-09-05 11:12:40 - [MESSAGE][PASSED] - Object: 'Object Repository/Fields Validation/Department Details/Validation - Department Details/a_Add Department' is clicked on

2018-09-05 11:12:40 - [TEST_STEP][PASSED] - delay: Delayed 3 second(s)

2018-09-05 11:12:43 - [MESSAGE][PASSED] - Delayed 3 second(s)

2018-09-05 11:12:43 - [TEST_STEP][PASSED] - click: Object: 'Object Repository/Fields Validation/Department Details/Validation - Department Details/button_Save' is clicked on

2018-09-05 11:12:43 - [MESSAGE][PASSED] - Object: 'Object Repository/Fields Validation/Department Details/Validation - Department Details/button_Save' is clicked on

2018-09-05 11:12:43 - [TEST_STEP][PASSED] - delay: Delayed 1 second(s)

2018-09-05 11:12:44 - [MESSAGE][PASSED] - Delayed 1 second(s)

2018-09-05 11:12:44 - [TEST_STEP][PASSED] - verifyElementText: Actual text and expected text of test object 'Object Repository/Fields Validation/Department Details/Validation - Department Details/span_Field is required (1)' are matched.

2018-09-05 11:12:44 - [MESSAGE][PASSED] - Actual text and expected text of test object 'Object Repository/Fields Validation/Department Details/Validation - Department Details/span_Field is required (1)' are matched.

2018-09-05 11:12:44 - [TEST_STEP][PASSED] - delay: Delayed 1 second(s)

2018-09-05 11:12:45 - [MESSAGE][PASSED] - Delayed 1 second(s)

2018-09-05 11:12:45 - [TEST_STEP][PASSED] - verifyElementText: Actual text and expected text of test object 'Object Repository/Fields Validation/Department Details/Validation - Department Details/span_Field is required (2)' are matched.

2018-09-05 11:12:45 - [MESSAGE][PASSED] - Actual text and expected text of test object 'Object Repository/Fields Validation/Department Details/Validation - Department Details/span_Field is required (2)' are matched.]]></system-out>
         <system-err><![CDATA[]]></system-err>
      </testcase>
      <testcase name="Test Cases/Cancel Records/Cancel - Department Details" classname="Test Cases/Cancel Records/Cancel - Department Details" status="PASSED">
         <system-out><![CDATA[2018-09-05 11:12:45 - [TEST_CASE][PASSED] - Test Cases/Cancel Records/Cancel - Department Details: Test Cases/Cancel Records/Cancel - Department Details

2018-09-05 11:12:46 - [TEST_STEP][PASSED] - delay: Delayed 3 second(s)

2018-09-05 11:12:49 - [MESSAGE][PASSED] - Delayed 3 second(s)

2018-09-05 11:12:49 - [TEST_STEP][PASSED] - click: Object: 'Object Repository/Cancel Records/Cancel - Department Details/button_Cancel' is clicked on

2018-09-05 11:12:49 - [MESSAGE][PASSED] - Object: 'Object Repository/Cancel Records/Cancel - Department Details/button_Cancel' is clicked on]]></system-out>
         <system-err><![CDATA[]]></system-err>
      </testcase>
      <testcase name="Test Cases/Fields Validation/Department Details/Invalid Entry - Department Value AlphaNum" classname="Test Cases/Fields Validation/Department Details/Invalid Entry - Department Value AlphaNum" status="PASSED">
         <system-out><![CDATA[2018-09-05 11:12:49 - [TEST_CASE][PASSED] - Test Cases/Fields Validation/Department Details/Invalid Entry - Department Value AlphaNum: Test Cases/Fields Validation/Department Details/Invalid Entry - Department Value AlphaNum

2018-09-05 11:12:49 - [TEST_STEP][PASSED] - delay: Delayed 2 second(s)

2018-09-05 11:12:51 - [MESSAGE][PASSED] - Delayed 2 second(s)

2018-09-05 11:12:51 - [TEST_STEP][PASSED] - click: Object: 'Object Repository/Fields Validation/Department Details/Invalid Entry - Department Value/a_Add Department' is clicked on

2018-09-05 11:12:51 - [MESSAGE][PASSED] - Object: 'Object Repository/Fields Validation/Department Details/Invalid Entry - Department Value/a_Add Department' is clicked on

2018-09-05 11:12:51 - [TEST_STEP][PASSED] - delay: Delayed 2 second(s)

2018-09-05 11:12:53 - [MESSAGE][PASSED] - Delayed 2 second(s)

2018-09-05 11:12:53 - [TEST_STEP][PASSED] - setText: Text '123r' is set on object 'Object Repository/Fields Validation/Department Details/Invalid Entry - Department Value/input_DepartmentNumber0'

2018-09-05 11:12:54 - [MESSAGE][PASSED] - Text '123r' is set on object 'Object Repository/Fields Validation/Department Details/Invalid Entry - Department Value/input_DepartmentNumber0'

2018-09-05 11:12:54 - [TEST_STEP][PASSED] - delay: Delayed 1 second(s)

2018-09-05 11:12:55 - [MESSAGE][PASSED] - Delayed 1 second(s)

2018-09-05 11:12:55 - [TEST_STEP][PASSED] - setText: Text 'Auto1' is set on object 'Object Repository/Fields Validation/Department Details/Invalid Entry - Department Value/input_DepartmentDescription0'

2018-09-05 11:12:55 - [MESSAGE][PASSED] - Text 'Auto1' is set on object 'Object Repository/Fields Validation/Department Details/Invalid Entry - Department Value/input_DepartmentDescription0'

2018-09-05 11:12:55 - [TEST_STEP][PASSED] - delay: Delayed 1 second(s)

2018-09-05 11:12:56 - [MESSAGE][PASSED] - Delayed 1 second(s)

2018-09-05 11:12:56 - [TEST_STEP][PASSED] - setText: Text '239' is set on object 'Object Repository/Fields Validation/Department Details/Invalid Entry - Department Value/input_ReferenceCode0'

2018-09-05 11:12:56 - [MESSAGE][PASSED] - Text '239' is set on object 'Object Repository/Fields Validation/Department Details/Invalid Entry - Department Value/input_ReferenceCode0'

2018-09-05 11:12:56 - [TEST_STEP][PASSED] - delay: Delayed 1 second(s)

2018-09-05 11:12:57 - [MESSAGE][PASSED] - Delayed 1 second(s)

2018-09-05 11:12:57 - [TEST_STEP][PASSED] - click: Object: 'Object Repository/Fields Validation/Department Details/Invalid Entry - Department Value/button_Save' is clicked on

2018-09-05 11:12:57 - [MESSAGE][PASSED] - Object: 'Object Repository/Fields Validation/Department Details/Invalid Entry - Department Value/button_Save' is clicked on

2018-09-05 11:12:57 - [TEST_STEP][PASSED] - verifyElementText: Actual text and expected text of test object 'Object Repository/Fields Validation/Department Details/Invalid Entry - Department Value/span_Field should be 4 numeric' are matched.

2018-09-05 11:12:57 - [MESSAGE][PASSED] - Actual text and expected text of test object 'Object Repository/Fields Validation/Department Details/Invalid Entry - Department Value/span_Field should be 4 numeric' are matched.]]></system-out>
         <system-err><![CDATA[]]></system-err>
      </testcase>
      <testcase name="Test Cases/Cancel Records/Cancel - Department Details 1" classname="Test Cases/Cancel Records/Cancel - Department Details 1" status="PASSED">
         <system-out><![CDATA[2018-09-05 11:12:57 - [TEST_CASE][PASSED] - Test Cases/Cancel Records/Cancel - Department Details 1: Test Cases/Cancel Records/Cancel - Department Details 1

2018-09-05 11:12:58 - [TEST_STEP][PASSED] - delay: Delayed 3 second(s)

2018-09-05 11:13:01 - [MESSAGE][PASSED] - Delayed 3 second(s)

2018-09-05 11:13:01 - [TEST_STEP][PASSED] - click: Object: 'Object Repository/Cancel Records/Cancel - Department Details/button_Cancel' is clicked on

2018-09-05 11:13:01 - [MESSAGE][PASSED] - Object: 'Object Repository/Cancel Records/Cancel - Department Details/button_Cancel' is clicked on]]></system-out>
         <system-err><![CDATA[]]></system-err>
      </testcase>
      <testcase name="Test Cases/Fields Validation/Department Details/Invalid Entry - Department Value" classname="Test Cases/Fields Validation/Department Details/Invalid Entry - Department Value" status="PASSED">
         <system-out><![CDATA[2018-09-05 11:13:01 - [TEST_CASE][PASSED] - Test Cases/Fields Validation/Department Details/Invalid Entry - Department Value: Test Cases/Fields Validation/Department Details/Invalid Entry - Department Value

2018-09-05 11:13:01 - [TEST_STEP][PASSED] - click: Object: 'Object Repository/Fields Validation/Department Details/Invalid Entry - Department Value/a_Add Department' is clicked on

2018-09-05 11:13:02 - [MESSAGE][PASSED] - Object: 'Object Repository/Fields Validation/Department Details/Invalid Entry - Department Value/a_Add Department' is clicked on

2018-09-05 11:13:02 - [TEST_STEP][PASSED] - delay: Delayed 3 second(s)

2018-09-05 11:13:05 - [MESSAGE][PASSED] - Delayed 3 second(s)

2018-09-05 11:13:05 - [TEST_STEP][PASSED] - setText: Text '123' is set on object 'Object Repository/Fields Validation/Department Details/Invalid Entry - Department Value/input_DepartmentNumber0'

2018-09-05 11:13:05 - [MESSAGE][PASSED] - Text '123' is set on object 'Object Repository/Fields Validation/Department Details/Invalid Entry - Department Value/input_DepartmentNumber0'

2018-09-05 11:13:05 - [TEST_STEP][PASSED] - delay: Delayed 1 second(s)

2018-09-05 11:13:06 - [MESSAGE][PASSED] - Delayed 1 second(s)

2018-09-05 11:13:06 - [TEST_STEP][PASSED] - setText: Text 'Auto' is set on object 'Object Repository/Fields Validation/Department Details/Invalid Entry - Department Value/input_DepartmentDescription0'

2018-09-05 11:13:06 - [MESSAGE][PASSED] - Text 'Auto' is set on object 'Object Repository/Fields Validation/Department Details/Invalid Entry - Department Value/input_DepartmentDescription0'

2018-09-05 11:13:06 - [TEST_STEP][PASSED] - delay: Delayed 1 second(s)

2018-09-05 11:13:07 - [MESSAGE][PASSED] - Delayed 1 second(s)

2018-09-05 11:13:07 - [TEST_STEP][PASSED] - setText: Text '56' is set on object 'Object Repository/Fields Validation/Department Details/Invalid Entry - Department Value/input_ReferenceCode0'

2018-09-05 11:13:07 - [MESSAGE][PASSED] - Text '56' is set on object 'Object Repository/Fields Validation/Department Details/Invalid Entry - Department Value/input_ReferenceCode0'

2018-09-05 11:13:07 - [TEST_STEP][PASSED] - delay: Delayed 1 second(s)

2018-09-05 11:13:08 - [MESSAGE][PASSED] - Delayed 1 second(s)

2018-09-05 11:13:08 - [TEST_STEP][PASSED] - click: Object: 'Object Repository/Fields Validation/Department Details/Invalid Entry - Department Value/button_Save' is clicked on

2018-09-05 11:13:09 - [MESSAGE][PASSED] - Object: 'Object Repository/Fields Validation/Department Details/Invalid Entry - Department Value/button_Save' is clicked on

2018-09-05 11:13:09 - [TEST_STEP][PASSED] - verifyElementText: Actual text and expected text of test object 'Object Repository/Fields Validation/Department Details/Invalid Entry - Department Value/span_Field should be 4 numeric' are matched.

2018-09-05 11:13:09 - [MESSAGE][PASSED] - Actual text and expected text of test object 'Object Repository/Fields Validation/Department Details/Invalid Entry - Department Value/span_Field should be 4 numeric' are matched.]]></system-out>
         <system-err><![CDATA[]]></system-err>
      </testcase>
      <testcase name="Test Cases/Cancel Records/Cancel - Department Details 2" classname="Test Cases/Cancel Records/Cancel - Department Details 2" status="PASSED">
         <system-out><![CDATA[2018-09-05 11:13:09 - [TEST_CASE][PASSED] - Test Cases/Cancel Records/Cancel - Department Details 2: Test Cases/Cancel Records/Cancel - Department Details 2

2018-09-05 11:13:09 - [TEST_STEP][PASSED] - delay: Delayed 3 second(s)

2018-09-05 11:13:12 - [MESSAGE][PASSED] - Delayed 3 second(s)

2018-09-05 11:13:12 - [TEST_STEP][PASSED] - click: Object: 'Object Repository/Cancel Records/Cancel - Department Details/button_Cancel' is clicked on

2018-09-05 11:13:12 - [MESSAGE][PASSED] - Object: 'Object Repository/Cancel Records/Cancel - Department Details/button_Cancel' is clicked on]]></system-out>
         <system-err><![CDATA[]]></system-err>
      </testcase>
      <testcase name="Test Cases/Fields Validation/Department Details/Invalid Entry - Department Description" classname="Test Cases/Fields Validation/Department Details/Invalid Entry - Department Description" status="PASSED">
         <system-out><![CDATA[2018-09-05 11:13:12 - [TEST_CASE][PASSED] - Test Cases/Fields Validation/Department Details/Invalid Entry - Department Description: Test Cases/Fields Validation/Department Details/Invalid Entry - Department Description

2018-09-05 11:13:13 - [TEST_STEP][PASSED] - delay: Delayed 2 second(s)

2018-09-05 11:13:15 - [MESSAGE][PASSED] - Delayed 2 second(s)

2018-09-05 11:13:15 - [TEST_STEP][PASSED] - click: Object: 'Object Repository/Fields Validation/Department Details/Invalid Entry - Department Description/a_Add Department (1)' is clicked on

2018-09-05 11:13:15 - [MESSAGE][PASSED] - Object: 'Object Repository/Fields Validation/Department Details/Invalid Entry - Department Description/a_Add Department (1)' is clicked on

2018-09-05 11:13:15 - [TEST_STEP][PASSED] - delay: Delayed 1 second(s)

2018-09-05 11:13:16 - [MESSAGE][PASSED] - Delayed 1 second(s)

2018-09-05 11:13:16 - [TEST_STEP][PASSED] - setText: Text '1233' is set on object 'Object Repository/Fields Validation/Department Details/Invalid Entry - Department Description/input_DepartmentNumber0'

2018-09-05 11:13:16 - [MESSAGE][PASSED] - Text '1233' is set on object 'Object Repository/Fields Validation/Department Details/Invalid Entry - Department Description/input_DepartmentNumber0'

2018-09-05 11:13:16 - [TEST_STEP][PASSED] - delay: Delayed 2 second(s)

2018-09-05 11:13:18 - [MESSAGE][PASSED] - Delayed 2 second(s)

2018-09-05 11:13:18 - [TEST_STEP][PASSED] - setText: Text 'Test123456tyrtyui' is set on object 'Object Repository/Fields Validation/Department Details/Invalid Entry - Department Description/input_DepartmentDescription0'

2018-09-05 11:13:18 - [MESSAGE][PASSED] - Text 'Test123456tyrtyui' is set on object 'Object Repository/Fields Validation/Department Details/Invalid Entry - Department Description/input_DepartmentDescription0'

2018-09-05 11:13:18 - [TEST_STEP][PASSED] - delay: Delayed 2 second(s)

2018-09-05 11:13:20 - [MESSAGE][PASSED] - Delayed 2 second(s)

2018-09-05 11:13:20 - [TEST_STEP][PASSED] - setText: Text '231' is set on object 'Object Repository/Fields Validation/Department Details/Invalid Entry - Department Description/input_ReferenceCode0'

2018-09-05 11:13:21 - [MESSAGE][PASSED] - Text '231' is set on object 'Object Repository/Fields Validation/Department Details/Invalid Entry - Department Description/input_ReferenceCode0'

2018-09-05 11:13:21 - [TEST_STEP][PASSED] - delay: Delayed 3 second(s)

2018-09-05 11:13:24 - [MESSAGE][PASSED] - Delayed 3 second(s)

2018-09-05 11:13:24 - [TEST_STEP][PASSED] - click: Object: 'Object Repository/Fields Validation/Department Details/Invalid Entry - Department Description/button_Save' is clicked on

2018-09-05 11:13:24 - [MESSAGE][PASSED] - Object: 'Object Repository/Fields Validation/Department Details/Invalid Entry - Department Description/button_Save' is clicked on

2018-09-05 11:13:24 - [TEST_STEP][PASSED] - verifyElementText: Actual text and expected text of test object 'Object Repository/Fields Validation/Department Details/Invalid Entry - Department Description/span_Field should be 16 charac' are matched.

2018-09-05 11:13:24 - [MESSAGE][PASSED] - Actual text and expected text of test object 'Object Repository/Fields Validation/Department Details/Invalid Entry - Department Description/span_Field should be 16 charac' are matched.]]></system-out>
         <system-err><![CDATA[]]></system-err>
      </testcase>
      <testcase name="Test Cases/Cancel Records/Cancel - Department Details 3" classname="Test Cases/Cancel Records/Cancel - Department Details 3" status="PASSED">
         <system-out><![CDATA[2018-09-05 11:13:24 - [TEST_CASE][PASSED] - Test Cases/Cancel Records/Cancel - Department Details 3: Test Cases/Cancel Records/Cancel - Department Details 3

2018-09-05 11:13:24 - [TEST_STEP][PASSED] - delay: Delayed 3 second(s)

2018-09-05 11:13:27 - [MESSAGE][PASSED] - Delayed 3 second(s)

2018-09-05 11:13:27 - [TEST_STEP][PASSED] - click: Object: 'Object Repository/Cancel Records/Cancel - Department Details/button_Cancel' is clicked on

2018-09-05 11:13:27 - [MESSAGE][PASSED] - Object: 'Object Repository/Cancel Records/Cancel - Department Details/button_Cancel' is clicked on]]></system-out>
         <system-err><![CDATA[]]></system-err>
      </testcase>
      <testcase name="Test Cases/Fields Validation/Department Details/Invalid Entry - Department Descrip Special Charac" classname="Test Cases/Fields Validation/Department Details/Invalid Entry - Department Descrip Special Charac" status="PASSED">
         <system-out><![CDATA[2018-09-05 11:13:27 - [TEST_CASE][PASSED] - Test Cases/Fields Validation/Department Details/Invalid Entry - Department Descrip Special Charac: Test Cases/Fields Validation/Department Details/Invalid Entry - Department Descrip Special Charac

2018-09-05 11:13:28 - [TEST_STEP][PASSED] - delay: Delayed 2 second(s)

2018-09-05 11:13:30 - [MESSAGE][PASSED] - Delayed 2 second(s)

2018-09-05 11:13:30 - [TEST_STEP][PASSED] - click: Object: 'Object Repository/Fields Validation/Department Details/Invalid Entry - Department Description/a_Add Department (1)' is clicked on

2018-09-05 11:13:30 - [MESSAGE][PASSED] - Object: 'Object Repository/Fields Validation/Department Details/Invalid Entry - Department Description/a_Add Department (1)' is clicked on

2018-09-05 11:13:30 - [TEST_STEP][PASSED] - delay: Delayed 2 second(s)

2018-09-05 11:13:32 - [MESSAGE][PASSED] - Delayed 2 second(s)

2018-09-05 11:13:32 - [TEST_STEP][PASSED] - setText: Text '1233' is set on object 'Object Repository/Fields Validation/Department Details/Invalid Entry - Department Description/input_DepartmentNumber0'

2018-09-05 11:13:32 - [MESSAGE][PASSED] - Text '1233' is set on object 'Object Repository/Fields Validation/Department Details/Invalid Entry - Department Description/input_DepartmentNumber0'

2018-09-05 11:13:32 - [TEST_STEP][PASSED] - delay: Delayed 2 second(s)

2018-09-05 11:13:34 - [MESSAGE][PASSED] - Delayed 2 second(s)

2018-09-05 11:13:34 - [TEST_STEP][PASSED] - setText: Text 'Test123456tyrty$' is set on object 'Object Repository/Fields Validation/Department Details/Invalid Entry - Department Description/input_DepartmentDescription0'

2018-09-05 11:13:35 - [MESSAGE][PASSED] - Text 'Test123456tyrty$' is set on object 'Object Repository/Fields Validation/Department Details/Invalid Entry - Department Description/input_DepartmentDescription0'

2018-09-05 11:13:35 - [TEST_STEP][PASSED] - delay: Delayed 2 second(s)

2018-09-05 11:13:37 - [MESSAGE][PASSED] - Delayed 2 second(s)

2018-09-05 11:13:37 - [TEST_STEP][PASSED] - setText: Text '234' is set on object 'Object Repository/Fields Validation/Department Details/Invalid Entry - Department Description/input_ReferenceCode0'

2018-09-05 11:13:37 - [MESSAGE][PASSED] - Text '234' is set on object 'Object Repository/Fields Validation/Department Details/Invalid Entry - Department Description/input_ReferenceCode0'

2018-09-05 11:13:37 - [TEST_STEP][PASSED] - delay: Delayed 2 second(s)

2018-09-05 11:13:39 - [MESSAGE][PASSED] - Delayed 2 second(s)

2018-09-05 11:13:39 - [TEST_STEP][PASSED] - click: Object: 'Object Repository/Fields Validation/Department Details/Invalid Entry - Department Description/button_Save' is clicked on

2018-09-05 11:13:39 - [MESSAGE][PASSED] - Object: 'Object Repository/Fields Validation/Department Details/Invalid Entry - Department Description/button_Save' is clicked on

2018-09-05 11:13:39 - [TEST_STEP][PASSED] - verifyElementText: Actual text and expected text of test object 'Object Repository/Fields Validation/Department Details/Invalid Entry - Department Description/span_Field should be 16 charac' are matched.

2018-09-05 11:13:39 - [MESSAGE][PASSED] - Actual text and expected text of test object 'Object Repository/Fields Validation/Department Details/Invalid Entry - Department Description/span_Field should be 16 charac' are matched.]]></system-out>
         <system-err><![CDATA[]]></system-err>
      </testcase>
      <testcase name="Test Cases/Cancel Records/Cancel - Department Details 4" classname="Test Cases/Cancel Records/Cancel - Department Details 4" status="PASSED">
         <system-out><![CDATA[2018-09-05 11:13:39 - [TEST_CASE][PASSED] - Test Cases/Cancel Records/Cancel - Department Details 4: Test Cases/Cancel Records/Cancel - Department Details 4

2018-09-05 11:13:40 - [TEST_STEP][PASSED] - delay: Delayed 3 second(s)

2018-09-05 11:13:43 - [MESSAGE][PASSED] - Delayed 3 second(s)

2018-09-05 11:13:43 - [TEST_STEP][PASSED] - click: Object: 'Object Repository/Cancel Records/Cancel - Department Details/button_Cancel' is clicked on

2018-09-05 11:13:43 - [MESSAGE][PASSED] - Object: 'Object Repository/Cancel Records/Cancel - Department Details/button_Cancel' is clicked on]]></system-out>
         <system-err><![CDATA[]]></system-err>
      </testcase>
      <testcase name="Test Cases/Add Records/Add Records - Department Details" classname="Test Cases/Add Records/Add Records - Department Details" status="FAILED">
         <failure type="FAILED" message="Unable to click on object 'Object Repository/Add Records/Add Records - Department Details/button_Save' (Root cause: org.openqa.selenium.WebDriverException: unknown error: Element &lt;button type=&quot;submit&quot; id=&quot;hideSave&quot; onclick=&quot;SaveDepartment()&quot; class=&quot;save-user1 edit-mode btn btn-primary btn-sm&quot;>...&lt;/button> is not clickable at point (339, 436). Other element would receive the click: &lt;td style=&quot;width:250px&quot; class=&quot;sorting_1&quot;>...&lt;/td>
  (Session info: chrome=68.0.3440.106)
  (Driver info: chromedriver=2.35.528161 (5b82f2d2aae0ca24b877009200ced9065a772e73),platform=Windows NT 10.0.16299 x86_64) (WARNING: The server did not provide any stacktrace information)
Command duration or timeout: 0 milliseconds
Build info: version: '3.7.1', revision: '8a0099a', time: '2017-11-06T21:07:36.161Z'
System info: host: '5CG7200TWH', ip: '10.136.80.126', os.name: 'Windows 10', os.arch: 'amd64', os.version: '10.0', java.version: '1.8.0_102'
Driver info: com.kms.katalon.selenium.driver.CChromeDriver
Capabilities {acceptInsecureCerts: false, acceptSslCerts: false, applicationCacheEnabled: false, browserConnectionEnabled: false, browserName: chrome, chrome: {chromedriverVersion: 2.35.528161 (5b82f2d2aae0ca..., userDataDir: C:\Users\ROOPNA~1\AppData\L...}, cssSelectorsEnabled: true, databaseEnabled: false, handlesAlerts: true, hasTouchScreen: false, javascriptEnabled: true, locationContextEnabled: true, mobileEmulationEnabled: false, nativeEvents: true, networkConnectionEnabled: false, pageLoadStrategy: normal, platform: XP, platformName: XP, rotatable: false, setWindowRect: true, takesHeapSnapshot: true, takesScreenshot: true, unexpectedAlertBehaviour: , unhandledPromptBehavior: , version: 68.0.3440.106, webStorageEnabled: true}
Session ID: addb4ca4ff64f462c53d189f59e0734c)"/>
         <system-out><![CDATA[2018-09-05 11:13:43 - [TEST_CASE][FAILED] - Test Cases/Add Records/Add Records - Department Details: Test Cases/Add Records/Add Records - Department Details FAILED because (of) Unable to click on object 'Object Repository/Add Records/Add Records - Department Details/button_Save' (Root cause: org.openqa.selenium.WebDriverException: unknown error: Element <button type="submit" id="hideSave" onclick="SaveDepartment()" class="save-user1 edit-mode btn btn-primary btn-sm">...</button> is not clickable at point (339, 436). Other element would receive the click: <td style="width:250px" class="sorting_1">...</td>
  (Session info: chrome=68.0.3440.106)
  (Driver info: chromedriver=2.35.528161 (5b82f2d2aae0ca24b877009200ced9065a772e73),platform=Windows NT 10.0.16299 x86_64) (WARNING: The server did not provide any stacktrace information)
Command duration or timeout: 0 milliseconds
Build info: version: '3.7.1', revision: '8a0099a', time: '2017-11-06T21:07:36.161Z'
System info: host: '5CG7200TWH', ip: '10.136.80.126', os.name: 'Windows 10', os.arch: 'amd64', os.version: '10.0', java.version: '1.8.0_102'
Driver info: com.kms.katalon.selenium.driver.CChromeDriver
Capabilities {acceptInsecureCerts: false, acceptSslCerts: false, applicationCacheEnabled: false, browserConnectionEnabled: false, browserName: chrome, chrome: {chromedriverVersion: 2.35.528161 (5b82f2d2aae0ca..., userDataDir: C:\Users\ROOPNA~1\AppData\L...}, cssSelectorsEnabled: true, databaseEnabled: false, handlesAlerts: true, hasTouchScreen: false, javascriptEnabled: true, locationContextEnabled: true, mobileEmulationEnabled: false, nativeEvents: true, networkConnectionEnabled: false, pageLoadStrategy: normal, platform: XP, platformName: XP, rotatable: false, setWindowRect: true, takesHeapSnapshot: true, takesScreenshot: true, unexpectedAlertBehaviour: , unhandledPromptBehavior: , version: 68.0.3440.106, webStorageEnabled: true}
Session ID: addb4ca4ff64f462c53d189f59e0734c)

2018-09-05 11:13:43 - [TEST_STEP][PASSED] - delay: Delayed 3 second(s)

2018-09-05 11:13:46 - [MESSAGE][PASSED] - Delayed 3 second(s)

2018-09-05 11:13:46 - [TEST_STEP][FAILED] - Statement - For ([row = 1, row <= com.kms.katalon.core.testdata.TestDataFactory.findTestData(Add Records - Department Details).getRowNumbers(), (row++)]): Unable to click on object 'Object Repository/Add Records/Add Records - Department Details/button_Save' (Root cause: org.openqa.selenium.WebDriverException: unknown error: Element <button type="submit" id="hideSave" onclick="SaveDepartment()" class="save-user1 edit-mode btn btn-primary btn-sm">...</button> is not clickable at point (339, 436). Other element would receive the click: <td style="width:250px" class="sorting_1">...</td>
  (Session info: chrome=68.0.3440.106)
  (Driver info: chromedriver=2.35.528161 (5b82f2d2aae0ca24b877009200ced9065a772e73),platform=Windows NT 10.0.16299 x86_64) (WARNING: The server did not provide any stacktrace information)
Command duration or timeout: 0 milliseconds
Build info: version: '3.7.1', revision: '8a0099a', time: '2017-11-06T21:07:36.161Z'
System info: host: '5CG7200TWH', ip: '10.136.80.126', os.name: 'Windows 10', os.arch: 'amd64', os.version: '10.0', java.version: '1.8.0_102'
Driver info: com.kms.katalon.selenium.driver.CChromeDriver
Capabilities {acceptInsecureCerts: false, acceptSslCerts: false, applicationCacheEnabled: false, browserConnectionEnabled: false, browserName: chrome, chrome: {chromedriverVersion: 2.35.528161 (5b82f2d2aae0ca..., userDataDir: C:\Users\ROOPNA~1\AppData\L...}, cssSelectorsEnabled: true, databaseEnabled: false, handlesAlerts: true, hasTouchScreen: false, javascriptEnabled: true, locationContextEnabled: true, mobileEmulationEnabled: false, nativeEvents: true, networkConnectionEnabled: false, pageLoadStrategy: normal, platform: XP, platformName: XP, rotatable: false, setWindowRect: true, takesHeapSnapshot: true, takesScreenshot: true, unexpectedAlertBehaviour: , unhandledPromptBehavior: , version: 68.0.3440.106, webStorageEnabled: true}
Session ID: addb4ca4ff64f462c53d189f59e0734c)

2018-09-05 11:13:46 - [TEST_STEP][PASSED] - delay: Delayed 5 second(s)

2018-09-05 11:13:51 - [MESSAGE][PASSED] - Delayed 5 second(s)

2018-09-05 11:13:51 - [TEST_STEP][PASSED] - click: Object: 'Object Repository/Add Records/Add Records - Department Details/a_Add Department' is clicked on

2018-09-05 11:13:52 - [MESSAGE][PASSED] - Object: 'Object Repository/Add Records/Add Records - Department Details/a_Add Department' is clicked on

2018-09-05 11:13:52 - [TEST_STEP][PASSED] - setText: Text '1247' is set on object 'Object Repository/Add Records/Add Records - Department Details/input_DepartmentNumber0'

2018-09-05 11:13:52 - [MESSAGE][PASSED] - Text '1247' is set on object 'Object Repository/Add Records/Add Records - Department Details/input_DepartmentNumber0'

2018-09-05 11:13:52 - [TEST_STEP][PASSED] - delay: Delayed 1 second(s)

2018-09-05 11:13:53 - [MESSAGE][PASSED] - Delayed 1 second(s)

2018-09-05 11:13:53 - [TEST_STEP][PASSED] - setText: Text 'Test13' is set on object 'Object Repository/Add Records/Add Records - Department Details/input_DepartmentDescription0'

2018-09-05 11:13:53 - [MESSAGE][PASSED] - Text 'Test13' is set on object 'Object Repository/Add Records/Add Records - Department Details/input_DepartmentDescription0'

2018-09-05 11:13:53 - [TEST_STEP][PASSED] - delay: Delayed 1 second(s)

2018-09-05 11:13:54 - [MESSAGE][PASSED] - Delayed 1 second(s)

2018-09-05 11:13:54 - [TEST_STEP][PASSED] - setText: Text '25' is set on object 'Object Repository/Add Records/Add Records - Department Details/input_ReferenceCode0'

2018-09-05 11:13:54 - [MESSAGE][PASSED] - Text '25' is set on object 'Object Repository/Add Records/Add Records - Department Details/input_ReferenceCode0'

2018-09-05 11:13:54 - [TEST_STEP][PASSED] - delay: Delayed 2 second(s)

2018-09-05 11:13:56 - [MESSAGE][PASSED] - Delayed 2 second(s)

2018-09-05 11:13:56 - [TEST_STEP][PASSED] - click: Object: 'Object Repository/Add Records/Add Records - Department Details/button_Save' is clicked on

2018-09-05 11:13:57 - [MESSAGE][PASSED] - Object: 'Object Repository/Add Records/Add Records - Department Details/button_Save' is clicked on

2018-09-05 11:13:57 - [TEST_STEP][PASSED] - delay: Delayed 5 second(s)

2018-09-05 11:14:02 - [MESSAGE][PASSED] - Delayed 5 second(s)

2018-09-05 11:14:02 - [TEST_STEP][PASSED] - click: Object: 'Object Repository/Add Records/Add Records - Department Details/a_Add Department' is clicked on

2018-09-05 11:14:02 - [MESSAGE][PASSED] - Object: 'Object Repository/Add Records/Add Records - Department Details/a_Add Department' is clicked on

2018-09-05 11:14:02 - [TEST_STEP][PASSED] - setText: Text '1248' is set on object 'Object Repository/Add Records/Add Records - Department Details/input_DepartmentNumber0'

2018-09-05 11:14:02 - [MESSAGE][PASSED] - Text '1248' is set on object 'Object Repository/Add Records/Add Records - Department Details/input_DepartmentNumber0'

2018-09-05 11:14:02 - [TEST_STEP][PASSED] - delay: Delayed 1 second(s)

2018-09-05 11:14:03 - [MESSAGE][PASSED] - Delayed 1 second(s)

2018-09-05 11:14:03 - [TEST_STEP][PASSED] - setText: Text 'Test14' is set on object 'Object Repository/Add Records/Add Records - Department Details/input_DepartmentDescription0'

2018-09-05 11:14:04 - [MESSAGE][PASSED] - Text 'Test14' is set on object 'Object Repository/Add Records/Add Records - Department Details/input_DepartmentDescription0'

2018-09-05 11:14:04 - [TEST_STEP][PASSED] - delay: Delayed 1 second(s)

2018-09-05 11:14:05 - [MESSAGE][PASSED] - Delayed 1 second(s)

2018-09-05 11:14:05 - [TEST_STEP][PASSED] - setText: Text '26' is set on object 'Object Repository/Add Records/Add Records - Department Details/input_ReferenceCode0'

2018-09-05 11:14:05 - [MESSAGE][PASSED] - Text '26' is set on object 'Object Repository/Add Records/Add Records - Department Details/input_ReferenceCode0'

2018-09-05 11:14:05 - [TEST_STEP][PASSED] - delay: Delayed 2 second(s)

2018-09-05 11:14:07 - [MESSAGE][PASSED] - Delayed 2 second(s)

2018-09-05 11:14:07 - [TEST_STEP][PASSED] - click: Object: 'Object Repository/Add Records/Add Records - Department Details/button_Save' is clicked on

2018-09-05 11:14:07 - [MESSAGE][PASSED] - Object: 'Object Repository/Add Records/Add Records - Department Details/button_Save' is clicked on

2018-09-05 11:14:07 - [TEST_STEP][PASSED] - delay: Delayed 5 second(s)

2018-09-05 11:14:12 - [MESSAGE][PASSED] - Delayed 5 second(s)

2018-09-05 11:14:12 - [TEST_STEP][PASSED] - click: Object: 'Object Repository/Add Records/Add Records - Department Details/a_Add Department' is clicked on

2018-09-05 11:14:12 - [MESSAGE][PASSED] - Object: 'Object Repository/Add Records/Add Records - Department Details/a_Add Department' is clicked on

2018-09-05 11:14:12 - [TEST_STEP][PASSED] - setText: Text '1249' is set on object 'Object Repository/Add Records/Add Records - Department Details/input_DepartmentNumber0'

2018-09-05 11:14:13 - [MESSAGE][PASSED] - Text '1249' is set on object 'Object Repository/Add Records/Add Records - Department Details/input_DepartmentNumber0'

2018-09-05 11:14:13 - [TEST_STEP][PASSED] - delay: Delayed 1 second(s)

2018-09-05 11:14:14 - [MESSAGE][PASSED] - Delayed 1 second(s)

2018-09-05 11:14:14 - [TEST_STEP][PASSED] - setText: Text 'Test15' is set on object 'Object Repository/Add Records/Add Records - Department Details/input_DepartmentDescription0'

2018-09-05 11:14:14 - [MESSAGE][PASSED] - Text 'Test15' is set on object 'Object Repository/Add Records/Add Records - Department Details/input_DepartmentDescription0'

2018-09-05 11:14:14 - [TEST_STEP][PASSED] - delay: Delayed 1 second(s)

2018-09-05 11:14:15 - [MESSAGE][PASSED] - Delayed 1 second(s)

2018-09-05 11:14:15 - [TEST_STEP][PASSED] - setText: Text '27' is set on object 'Object Repository/Add Records/Add Records - Department Details/input_ReferenceCode0'

2018-09-05 11:14:15 - [MESSAGE][PASSED] - Text '27' is set on object 'Object Repository/Add Records/Add Records - Department Details/input_ReferenceCode0'

2018-09-05 11:14:15 - [TEST_STEP][PASSED] - delay: Delayed 2 second(s)

2018-09-05 11:14:17 - [MESSAGE][PASSED] - Delayed 2 second(s)

2018-09-05 11:14:17 - [TEST_STEP][PASSED] - click: Object: 'Object Repository/Add Records/Add Records - Department Details/button_Save' is clicked on

2018-09-05 11:14:17 - [MESSAGE][PASSED] - Object: 'Object Repository/Add Records/Add Records - Department Details/button_Save' is clicked on

2018-09-05 11:14:17 - [TEST_STEP][PASSED] - delay: Delayed 5 second(s)

2018-09-05 11:14:22 - [MESSAGE][PASSED] - Delayed 5 second(s)

2018-09-05 11:14:22 - [TEST_STEP][PASSED] - click: Object: 'Object Repository/Add Records/Add Records - Department Details/a_Add Department' is clicked on

2018-09-05 11:14:23 - [MESSAGE][PASSED] - Object: 'Object Repository/Add Records/Add Records - Department Details/a_Add Department' is clicked on

2018-09-05 11:14:23 - [TEST_STEP][PASSED] - setText: Text '1250' is set on object 'Object Repository/Add Records/Add Records - Department Details/input_DepartmentNumber0'

2018-09-05 11:14:23 - [MESSAGE][PASSED] - Text '1250' is set on object 'Object Repository/Add Records/Add Records - Department Details/input_DepartmentNumber0'

2018-09-05 11:14:23 - [TEST_STEP][PASSED] - delay: Delayed 1 second(s)

2018-09-05 11:14:24 - [MESSAGE][PASSED] - Delayed 1 second(s)

2018-09-05 11:14:24 - [TEST_STEP][PASSED] - setText: Text 'Test16' is set on object 'Object Repository/Add Records/Add Records - Department Details/input_DepartmentDescription0'

2018-09-05 11:14:24 - [MESSAGE][PASSED] - Text 'Test16' is set on object 'Object Repository/Add Records/Add Records - Department Details/input_DepartmentDescription0'

2018-09-05 11:14:24 - [TEST_STEP][PASSED] - delay: Delayed 1 second(s)

2018-09-05 11:14:25 - [MESSAGE][PASSED] - Delayed 1 second(s)

2018-09-05 11:14:25 - [TEST_STEP][PASSED] - setText: Text '28' is set on object 'Object Repository/Add Records/Add Records - Department Details/input_ReferenceCode0'

2018-09-05 11:14:26 - [MESSAGE][PASSED] - Text '28' is set on object 'Object Repository/Add Records/Add Records - Department Details/input_ReferenceCode0'

2018-09-05 11:14:26 - [TEST_STEP][PASSED] - delay: Delayed 2 second(s)

2018-09-05 11:14:28 - [MESSAGE][PASSED] - Delayed 2 second(s)

2018-09-05 11:14:28 - [TEST_STEP][FAILED] - click: Unable to click on object 'Object Repository/Add Records/Add Records - Department Details/button_Save' (Root cause: org.openqa.selenium.WebDriverException: unknown error: Element <button type="submit" id="hideSave" onclick="SaveDepartment()" class="save-user1 edit-mode btn btn-primary btn-sm">...</button> is not clickable at point (339, 436). Other element would receive the click: <td style="width:250px" class="sorting_1">...</td>
  (Session info: chrome=68.0.3440.106)
  (Driver info: chromedriver=2.35.528161 (5b82f2d2aae0ca24b877009200ced9065a772e73),platform=Windows NT 10.0.16299 x86_64) (WARNING: The server did not provide any stacktrace information)
Command duration or timeout: 0 milliseconds
Build info: version: '3.7.1', revision: '8a0099a', time: '2017-11-06T21:07:36.161Z'
System info: host: '5CG7200TWH', ip: '10.136.80.126', os.name: 'Windows 10', os.arch: 'amd64', os.version: '10.0', java.version: '1.8.0_102'
Driver info: com.kms.katalon.selenium.driver.CChromeDriver
Capabilities {acceptInsecureCerts: false, acceptSslCerts: false, applicationCacheEnabled: false, browserConnectionEnabled: false, browserName: chrome, chrome: {chromedriverVersion: 2.35.528161 (5b82f2d2aae0ca..., userDataDir: C:\Users\ROOPNA~1\AppData\L...}, cssSelectorsEnabled: true, databaseEnabled: false, handlesAlerts: true, hasTouchScreen: false, javascriptEnabled: true, locationContextEnabled: true, mobileEmulationEnabled: false, nativeEvents: true, networkConnectionEnabled: false, pageLoadStrategy: normal, platform: XP, platformName: XP, rotatable: false, setWindowRect: true, takesHeapSnapshot: true, takesScreenshot: true, unexpectedAlertBehaviour: , unhandledPromptBehavior: , version: 68.0.3440.106, webStorageEnabled: true}
Session ID: addb4ca4ff64f462c53d189f59e0734c)

2018-09-05 11:14:28 - [MESSAGE][FAILED] - Unable to click on object 'Object Repository/Add Records/Add Records - Department Details/button_Save' (Root cause: org.openqa.selenium.WebDriverException: unknown error: Element <button type="submit" id="hideSave" onclick="SaveDepartment()" class="save-user1 edit-mode btn btn-primary btn-sm">...</button> is not clickable at point (339, 436). Other element would receive the click: <td style="width:250px" class="sorting_1">...</td>
  (Session info: chrome=68.0.3440.106)
  (Driver info: chromedriver=2.35.528161 (5b82f2d2aae0ca24b877009200ced9065a772e73),platform=Windows NT 10.0.16299 x86_64) (WARNING: The server did not provide any stacktrace information)
Command duration or timeout: 0 milliseconds
Build info: version: '3.7.1', revision: '8a0099a', time: '2017-11-06T21:07:36.161Z'
System info: host: '5CG7200TWH', ip: '10.136.80.126', os.name: 'Windows 10', os.arch: 'amd64', os.version: '10.0', java.version: '1.8.0_102'
Driver info: com.kms.katalon.selenium.driver.CChromeDriver
Capabilities {acceptInsecureCerts: false, acceptSslCerts: false, applicationCacheEnabled: false, browserConnectionEnabled: false, browserName: chrome, chrome: {chromedriverVersion: 2.35.528161 (5b82f2d2aae0ca..., userDataDir: C:\Users\ROOPNA~1\AppData\L...}, cssSelectorsEnabled: true, databaseEnabled: false, handlesAlerts: true, hasTouchScreen: false, javascriptEnabled: true, locationContextEnabled: true, mobileEmulationEnabled: false, nativeEvents: true, networkConnectionEnabled: false, pageLoadStrategy: normal, platform: XP, platformName: XP, rotatable: false, setWindowRect: true, takesHeapSnapshot: true, takesScreenshot: true, unexpectedAlertBehaviour: , unhandledPromptBehavior: , version: 68.0.3440.106, webStorageEnabled: true}
Session ID: addb4ca4ff64f462c53d189f59e0734c)
[[ATTACHMENT|C:\\Users\\ROOPNARAS01\\git\\Katalon Studio\\TestAutomation\\Reports\\Regression Tests\\Add, Edit and Delete records on Department Details screen\\20180905_111043\\1536131668278.png]]]]></system-out>
         <system-err><![CDATA[2018-09-05 11:13:43 - [TEST_CASE][FAILED] - Test Cases/Add Records/Add Records - Department Details: Test Cases/Add Records/Add Records - Department Details FAILED because (of) Unable to click on object 'Object Repository/Add Records/Add Records - Department Details/button_Save' (Root cause: org.openqa.selenium.WebDriverException: unknown error: Element <button type="submit" id="hideSave" onclick="SaveDepartment()" class="save-user1 edit-mode btn btn-primary btn-sm">...</button> is not clickable at point (339, 436). Other element would receive the click: <td style="width:250px" class="sorting_1">...</td>
  (Session info: chrome=68.0.3440.106)
  (Driver info: chromedriver=2.35.528161 (5b82f2d2aae0ca24b877009200ced9065a772e73),platform=Windows NT 10.0.16299 x86_64) (WARNING: The server did not provide any stacktrace information)
Command duration or timeout: 0 milliseconds
Build info: version: '3.7.1', revision: '8a0099a', time: '2017-11-06T21:07:36.161Z'
System info: host: '5CG7200TWH', ip: '10.136.80.126', os.name: 'Windows 10', os.arch: 'amd64', os.version: '10.0', java.version: '1.8.0_102'
Driver info: com.kms.katalon.selenium.driver.CChromeDriver
Capabilities {acceptInsecureCerts: false, acceptSslCerts: false, applicationCacheEnabled: false, browserConnectionEnabled: false, browserName: chrome, chrome: {chromedriverVersion: 2.35.528161 (5b82f2d2aae0ca..., userDataDir: C:\Users\ROOPNA~1\AppData\L...}, cssSelectorsEnabled: true, databaseEnabled: false, handlesAlerts: true, hasTouchScreen: false, javascriptEnabled: true, locationContextEnabled: true, mobileEmulationEnabled: false, nativeEvents: true, networkConnectionEnabled: false, pageLoadStrategy: normal, platform: XP, platformName: XP, rotatable: false, setWindowRect: true, takesHeapSnapshot: true, takesScreenshot: true, unexpectedAlertBehaviour: , unhandledPromptBehavior: , version: 68.0.3440.106, webStorageEnabled: true}
Session ID: addb4ca4ff64f462c53d189f59e0734c)]]></system-err>
      </testcase>
      <testcase name="Test Cases/Edit Records/Edit - Department Details Cancel" classname="Test Cases/Edit Records/Edit - Department Details Cancel" status="FAILED">
         <failure type="FAILED" message="Unable to click on object 'Object Repository/Edit Records/Edit - Department Details Cancel/a_Edit' (Root cause: org.openqa.selenium.WebDriverException: unknown error: Element &lt;a class=&quot;display-modec2609ebc-8d89-4a02-a7b6-075aa8cf2448 btn btn-default disableButton btn-sm disabled&quot; onclick=&quot;myFunction('c2609ebc-8d89-4a02-a7b6-075aa8cf2448')&quot;>...&lt;/a> is not clickable at point (344, 361). Other element would receive the click: &lt;td style=&quot;width:250px&quot; class=&quot;sorting_1&quot;>...&lt;/td>
  (Session info: chrome=68.0.3440.106)
  (Driver info: chromedriver=2.35.528161 (5b82f2d2aae0ca24b877009200ced9065a772e73),platform=Windows NT 10.0.16299 x86_64) (WARNING: The server did not provide any stacktrace information)
Command duration or timeout: 0 milliseconds
Build info: version: '3.7.1', revision: '8a0099a', time: '2017-11-06T21:07:36.161Z'
System info: host: '5CG7200TWH', ip: '10.136.80.126', os.name: 'Windows 10', os.arch: 'amd64', os.version: '10.0', java.version: '1.8.0_102'
Driver info: com.kms.katalon.selenium.driver.CChromeDriver
Capabilities {acceptInsecureCerts: false, acceptSslCerts: false, applicationCacheEnabled: false, browserConnectionEnabled: false, browserName: chrome, chrome: {chromedriverVersion: 2.35.528161 (5b82f2d2aae0ca..., userDataDir: C:\Users\ROOPNA~1\AppData\L...}, cssSelectorsEnabled: true, databaseEnabled: false, handlesAlerts: true, hasTouchScreen: false, javascriptEnabled: true, locationContextEnabled: true, mobileEmulationEnabled: false, nativeEvents: true, networkConnectionEnabled: false, pageLoadStrategy: normal, platform: XP, platformName: XP, rotatable: false, setWindowRect: true, takesHeapSnapshot: true, takesScreenshot: true, unexpectedAlertBehaviour: , unhandledPromptBehavior: , version: 68.0.3440.106, webStorageEnabled: true}
Session ID: addb4ca4ff64f462c53d189f59e0734c)"/>
         <system-out><![CDATA[2018-09-05 11:14:28 - [TEST_CASE][FAILED] - Test Cases/Edit Records/Edit - Department Details Cancel: Test Cases/Edit Records/Edit - Department Details Cancel FAILED because (of) Unable to click on object 'Object Repository/Edit Records/Edit - Department Details Cancel/a_Edit' (Root cause: org.openqa.selenium.WebDriverException: unknown error: Element <a class="display-modec2609ebc-8d89-4a02-a7b6-075aa8cf2448 btn btn-default disableButton btn-sm disabled" onclick="myFunction('c2609ebc-8d89-4a02-a7b6-075aa8cf2448')">...</a> is not clickable at point (344, 361). Other element would receive the click: <td style="width:250px" class="sorting_1">...</td>
  (Session info: chrome=68.0.3440.106)
  (Driver info: chromedriver=2.35.528161 (5b82f2d2aae0ca24b877009200ced9065a772e73),platform=Windows NT 10.0.16299 x86_64) (WARNING: The server did not provide any stacktrace information)
Command duration or timeout: 0 milliseconds
Build info: version: '3.7.1', revision: '8a0099a', time: '2017-11-06T21:07:36.161Z'
System info: host: '5CG7200TWH', ip: '10.136.80.126', os.name: 'Windows 10', os.arch: 'amd64', os.version: '10.0', java.version: '1.8.0_102'
Driver info: com.kms.katalon.selenium.driver.CChromeDriver
Capabilities {acceptInsecureCerts: false, acceptSslCerts: false, applicationCacheEnabled: false, browserConnectionEnabled: false, browserName: chrome, chrome: {chromedriverVersion: 2.35.528161 (5b82f2d2aae0ca..., userDataDir: C:\Users\ROOPNA~1\AppData\L...}, cssSelectorsEnabled: true, databaseEnabled: false, handlesAlerts: true, hasTouchScreen: false, javascriptEnabled: true, locationContextEnabled: true, mobileEmulationEnabled: false, nativeEvents: true, networkConnectionEnabled: false, pageLoadStrategy: normal, platform: XP, platformName: XP, rotatable: false, setWindowRect: true, takesHeapSnapshot: true, takesScreenshot: true, unexpectedAlertBehaviour: , unhandledPromptBehavior: , version: 68.0.3440.106, webStorageEnabled: true}
Session ID: addb4ca4ff64f462c53d189f59e0734c)

2018-09-05 11:14:29 - [TEST_STEP][PASSED] - delay: Delayed 2 second(s)

2018-09-05 11:14:31 - [MESSAGE][PASSED] - Delayed 2 second(s)

2018-09-05 11:14:31 - [TEST_STEP][PASSED] - setText: Text '1238' is set on object 'Object Repository/Edit Records/Edit - Department Details Cancel/input'

2018-09-05 11:14:31 - [MESSAGE][PASSED] - Text '1238' is set on object 'Object Repository/Edit Records/Edit - Department Details Cancel/input'

2018-09-05 11:14:31 - [TEST_STEP][PASSED] - delay: Delayed 2 second(s)

2018-09-05 11:14:33 - [MESSAGE][PASSED] - Delayed 2 second(s)

2018-09-05 11:14:33 - [TEST_STEP][FAILED] - click: Unable to click on object 'Object Repository/Edit Records/Edit - Department Details Cancel/a_Edit' (Root cause: org.openqa.selenium.WebDriverException: unknown error: Element <a class="display-modec2609ebc-8d89-4a02-a7b6-075aa8cf2448 btn btn-default disableButton btn-sm disabled" onclick="myFunction('c2609ebc-8d89-4a02-a7b6-075aa8cf2448')">...</a> is not clickable at point (344, 361). Other element would receive the click: <td style="width:250px" class="sorting_1">...</td>
  (Session info: chrome=68.0.3440.106)
  (Driver info: chromedriver=2.35.528161 (5b82f2d2aae0ca24b877009200ced9065a772e73),platform=Windows NT 10.0.16299 x86_64) (WARNING: The server did not provide any stacktrace information)
Command duration or timeout: 0 milliseconds
Build info: version: '3.7.1', revision: '8a0099a', time: '2017-11-06T21:07:36.161Z'
System info: host: '5CG7200TWH', ip: '10.136.80.126', os.name: 'Windows 10', os.arch: 'amd64', os.version: '10.0', java.version: '1.8.0_102'
Driver info: com.kms.katalon.selenium.driver.CChromeDriver
Capabilities {acceptInsecureCerts: false, acceptSslCerts: false, applicationCacheEnabled: false, browserConnectionEnabled: false, browserName: chrome, chrome: {chromedriverVersion: 2.35.528161 (5b82f2d2aae0ca..., userDataDir: C:\Users\ROOPNA~1\AppData\L...}, cssSelectorsEnabled: true, databaseEnabled: false, handlesAlerts: true, hasTouchScreen: false, javascriptEnabled: true, locationContextEnabled: true, mobileEmulationEnabled: false, nativeEvents: true, networkConnectionEnabled: false, pageLoadStrategy: normal, platform: XP, platformName: XP, rotatable: false, setWindowRect: true, takesHeapSnapshot: true, takesScreenshot: true, unexpectedAlertBehaviour: , unhandledPromptBehavior: , version: 68.0.3440.106, webStorageEnabled: true}
Session ID: addb4ca4ff64f462c53d189f59e0734c)

2018-09-05 11:14:34 - [MESSAGE][FAILED] - Unable to click on object 'Object Repository/Edit Records/Edit - Department Details Cancel/a_Edit' (Root cause: org.openqa.selenium.WebDriverException: unknown error: Element <a class="display-modec2609ebc-8d89-4a02-a7b6-075aa8cf2448 btn btn-default disableButton btn-sm disabled" onclick="myFunction('c2609ebc-8d89-4a02-a7b6-075aa8cf2448')">...</a> is not clickable at point (344, 361). Other element would receive the click: <td style="width:250px" class="sorting_1">...</td>
  (Session info: chrome=68.0.3440.106)
  (Driver info: chromedriver=2.35.528161 (5b82f2d2aae0ca24b877009200ced9065a772e73),platform=Windows NT 10.0.16299 x86_64) (WARNING: The server did not provide any stacktrace information)
Command duration or timeout: 0 milliseconds
Build info: version: '3.7.1', revision: '8a0099a', time: '2017-11-06T21:07:36.161Z'
System info: host: '5CG7200TWH', ip: '10.136.80.126', os.name: 'Windows 10', os.arch: 'amd64', os.version: '10.0', java.version: '1.8.0_102'
Driver info: com.kms.katalon.selenium.driver.CChromeDriver
Capabilities {acceptInsecureCerts: false, acceptSslCerts: false, applicationCacheEnabled: false, browserConnectionEnabled: false, browserName: chrome, chrome: {chromedriverVersion: 2.35.528161 (5b82f2d2aae0ca..., userDataDir: C:\Users\ROOPNA~1\AppData\L...}, cssSelectorsEnabled: true, databaseEnabled: false, handlesAlerts: true, hasTouchScreen: false, javascriptEnabled: true, locationContextEnabled: true, mobileEmulationEnabled: false, nativeEvents: true, networkConnectionEnabled: false, pageLoadStrategy: normal, platform: XP, platformName: XP, rotatable: false, setWindowRect: true, takesHeapSnapshot: true, takesScreenshot: true, unexpectedAlertBehaviour: , unhandledPromptBehavior: , version: 68.0.3440.106, webStorageEnabled: true}
Session ID: addb4ca4ff64f462c53d189f59e0734c)
[[ATTACHMENT|C:\\Users\\ROOPNARAS01\\git\\Katalon Studio\\TestAutomation\\Reports\\Regression Tests\\Add, Edit and Delete records on Department Details screen\\20180905_111043\\1536131673797.png]]]]></system-out>
         <system-err><![CDATA[2018-09-05 11:14:28 - [TEST_CASE][FAILED] - Test Cases/Edit Records/Edit - Department Details Cancel: Test Cases/Edit Records/Edit - Department Details Cancel FAILED because (of) Unable to click on object 'Object Repository/Edit Records/Edit - Department Details Cancel/a_Edit' (Root cause: org.openqa.selenium.WebDriverException: unknown error: Element <a class="display-modec2609ebc-8d89-4a02-a7b6-075aa8cf2448 btn btn-default disableButton btn-sm disabled" onclick="myFunction('c2609ebc-8d89-4a02-a7b6-075aa8cf2448')">...</a> is not clickable at point (344, 361). Other element would receive the click: <td style="width:250px" class="sorting_1">...</td>
  (Session info: chrome=68.0.3440.106)
  (Driver info: chromedriver=2.35.528161 (5b82f2d2aae0ca24b877009200ced9065a772e73),platform=Windows NT 10.0.16299 x86_64) (WARNING: The server did not provide any stacktrace information)
Command duration or timeout: 0 milliseconds
Build info: version: '3.7.1', revision: '8a0099a', time: '2017-11-06T21:07:36.161Z'
System info: host: '5CG7200TWH', ip: '10.136.80.126', os.name: 'Windows 10', os.arch: 'amd64', os.version: '10.0', java.version: '1.8.0_102'
Driver info: com.kms.katalon.selenium.driver.CChromeDriver
Capabilities {acceptInsecureCerts: false, acceptSslCerts: false, applicationCacheEnabled: false, browserConnectionEnabled: false, browserName: chrome, chrome: {chromedriverVersion: 2.35.528161 (5b82f2d2aae0ca..., userDataDir: C:\Users\ROOPNA~1\AppData\L...}, cssSelectorsEnabled: true, databaseEnabled: false, handlesAlerts: true, hasTouchScreen: false, javascriptEnabled: true, locationContextEnabled: true, mobileEmulationEnabled: false, nativeEvents: true, networkConnectionEnabled: false, pageLoadStrategy: normal, platform: XP, platformName: XP, rotatable: false, setWindowRect: true, takesHeapSnapshot: true, takesScreenshot: true, unexpectedAlertBehaviour: , unhandledPromptBehavior: , version: 68.0.3440.106, webStorageEnabled: true}
Session ID: addb4ca4ff64f462c53d189f59e0734c)]]></system-err>
      </testcase>
      <testcase name="Test Cases/Edit Records/Edit - Department Details Save" classname="Test Cases/Edit Records/Edit - Department Details Save" status="FAILED">
         <failure type="FAILED" message="Unable to click on object 'Object Repository/Edit Records/Edit - Department Details Save/a_Edit' (Root cause: org.openqa.selenium.WebDriverException: unknown error: Element &lt;a class=&quot;display-modec2609ebc-8d89-4a02-a7b6-075aa8cf2448 btn btn-default disableButton btn-sm disabled&quot; onclick=&quot;myFunction('c2609ebc-8d89-4a02-a7b6-075aa8cf2448')&quot;>...&lt;/a> is not clickable at point (344, 361). Other element would receive the click: &lt;td style=&quot;width:250px&quot; class=&quot;sorting_1&quot;>...&lt;/td>
  (Session info: chrome=68.0.3440.106)
  (Driver info: chromedriver=2.35.528161 (5b82f2d2aae0ca24b877009200ced9065a772e73),platform=Windows NT 10.0.16299 x86_64) (WARNING: The server did not provide any stacktrace information)
Command duration or timeout: 0 milliseconds
Build info: version: '3.7.1', revision: '8a0099a', time: '2017-11-06T21:07:36.161Z'
System info: host: '5CG7200TWH', ip: '10.136.80.126', os.name: 'Windows 10', os.arch: 'amd64', os.version: '10.0', java.version: '1.8.0_102'
Driver info: com.kms.katalon.selenium.driver.CChromeDriver
Capabilities {acceptInsecureCerts: false, acceptSslCerts: false, applicationCacheEnabled: false, browserConnectionEnabled: false, browserName: chrome, chrome: {chromedriverVersion: 2.35.528161 (5b82f2d2aae0ca..., userDataDir: C:\Users\ROOPNA~1\AppData\L...}, cssSelectorsEnabled: true, databaseEnabled: false, handlesAlerts: true, hasTouchScreen: false, javascriptEnabled: true, locationContextEnabled: true, mobileEmulationEnabled: false, nativeEvents: true, networkConnectionEnabled: false, pageLoadStrategy: normal, platform: XP, platformName: XP, rotatable: false, setWindowRect: true, takesHeapSnapshot: true, takesScreenshot: true, unexpectedAlertBehaviour: , unhandledPromptBehavior: , version: 68.0.3440.106, webStorageEnabled: true}
Session ID: addb4ca4ff64f462c53d189f59e0734c)"/>
         <system-out><![CDATA[2018-09-05 11:14:34 - [TEST_CASE][FAILED] - Test Cases/Edit Records/Edit - Department Details Save: Test Cases/Edit Records/Edit - Department Details Save FAILED because (of) Unable to click on object 'Object Repository/Edit Records/Edit - Department Details Save/a_Edit' (Root cause: org.openqa.selenium.WebDriverException: unknown error: Element <a class="display-modec2609ebc-8d89-4a02-a7b6-075aa8cf2448 btn btn-default disableButton btn-sm disabled" onclick="myFunction('c2609ebc-8d89-4a02-a7b6-075aa8cf2448')">...</a> is not clickable at point (344, 361). Other element would receive the click: <td style="width:250px" class="sorting_1">...</td>
  (Session info: chrome=68.0.3440.106)
  (Driver info: chromedriver=2.35.528161 (5b82f2d2aae0ca24b877009200ced9065a772e73),platform=Windows NT 10.0.16299 x86_64) (WARNING: The server did not provide any stacktrace information)
Command duration or timeout: 0 milliseconds
Build info: version: '3.7.1', revision: '8a0099a', time: '2017-11-06T21:07:36.161Z'
System info: host: '5CG7200TWH', ip: '10.136.80.126', os.name: 'Windows 10', os.arch: 'amd64', os.version: '10.0', java.version: '1.8.0_102'
Driver info: com.kms.katalon.selenium.driver.CChromeDriver
Capabilities {acceptInsecureCerts: false, acceptSslCerts: false, applicationCacheEnabled: false, browserConnectionEnabled: false, browserName: chrome, chrome: {chromedriverVersion: 2.35.528161 (5b82f2d2aae0ca..., userDataDir: C:\Users\ROOPNA~1\AppData\L...}, cssSelectorsEnabled: true, databaseEnabled: false, handlesAlerts: true, hasTouchScreen: false, javascriptEnabled: true, locationContextEnabled: true, mobileEmulationEnabled: false, nativeEvents: true, networkConnectionEnabled: false, pageLoadStrategy: normal, platform: XP, platformName: XP, rotatable: false, setWindowRect: true, takesHeapSnapshot: true, takesScreenshot: true, unexpectedAlertBehaviour: , unhandledPromptBehavior: , version: 68.0.3440.106, webStorageEnabled: true}
Session ID: addb4ca4ff64f462c53d189f59e0734c)

2018-09-05 11:14:34 - [TEST_STEP][PASSED] - delay: Delayed 2 second(s)

2018-09-05 11:14:36 - [MESSAGE][PASSED] - Delayed 2 second(s)

2018-09-05 11:14:36 - [TEST_STEP][PASSED] - setText: Text '1238' is set on object 'Object Repository/Edit Records/Edit - Department Details Save/input'

2018-09-05 11:14:36 - [MESSAGE][PASSED] - Text '1238' is set on object 'Object Repository/Edit Records/Edit - Department Details Save/input'

2018-09-05 11:14:36 - [TEST_STEP][PASSED] - delay: Delayed 2 second(s)

2018-09-05 11:14:38 - [MESSAGE][PASSED] - Delayed 2 second(s)

2018-09-05 11:14:38 - [TEST_STEP][FAILED] - click: Unable to click on object 'Object Repository/Edit Records/Edit - Department Details Save/a_Edit' (Root cause: org.openqa.selenium.WebDriverException: unknown error: Element <a class="display-modec2609ebc-8d89-4a02-a7b6-075aa8cf2448 btn btn-default disableButton btn-sm disabled" onclick="myFunction('c2609ebc-8d89-4a02-a7b6-075aa8cf2448')">...</a> is not clickable at point (344, 361). Other element would receive the click: <td style="width:250px" class="sorting_1">...</td>
  (Session info: chrome=68.0.3440.106)
  (Driver info: chromedriver=2.35.528161 (5b82f2d2aae0ca24b877009200ced9065a772e73),platform=Windows NT 10.0.16299 x86_64) (WARNING: The server did not provide any stacktrace information)
Command duration or timeout: 0 milliseconds
Build info: version: '3.7.1', revision: '8a0099a', time: '2017-11-06T21:07:36.161Z'
System info: host: '5CG7200TWH', ip: '10.136.80.126', os.name: 'Windows 10', os.arch: 'amd64', os.version: '10.0', java.version: '1.8.0_102'
Driver info: com.kms.katalon.selenium.driver.CChromeDriver
Capabilities {acceptInsecureCerts: false, acceptSslCerts: false, applicationCacheEnabled: false, browserConnectionEnabled: false, browserName: chrome, chrome: {chromedriverVersion: 2.35.528161 (5b82f2d2aae0ca..., userDataDir: C:\Users\ROOPNA~1\AppData\L...}, cssSelectorsEnabled: true, databaseEnabled: false, handlesAlerts: true, hasTouchScreen: false, javascriptEnabled: true, locationContextEnabled: true, mobileEmulationEnabled: false, nativeEvents: true, networkConnectionEnabled: false, pageLoadStrategy: normal, platform: XP, platformName: XP, rotatable: false, setWindowRect: true, takesHeapSnapshot: true, takesScreenshot: true, unexpectedAlertBehaviour: , unhandledPromptBehavior: , version: 68.0.3440.106, webStorageEnabled: true}
Session ID: addb4ca4ff64f462c53d189f59e0734c)

2018-09-05 11:14:39 - [MESSAGE][FAILED] - Unable to click on object 'Object Repository/Edit Records/Edit - Department Details Save/a_Edit' (Root cause: org.openqa.selenium.WebDriverException: unknown error: Element <a class="display-modec2609ebc-8d89-4a02-a7b6-075aa8cf2448 btn btn-default disableButton btn-sm disabled" onclick="myFunction('c2609ebc-8d89-4a02-a7b6-075aa8cf2448')">...</a> is not clickable at point (344, 361). Other element would receive the click: <td style="width:250px" class="sorting_1">...</td>
  (Session info: chrome=68.0.3440.106)
  (Driver info: chromedriver=2.35.528161 (5b82f2d2aae0ca24b877009200ced9065a772e73),platform=Windows NT 10.0.16299 x86_64) (WARNING: The server did not provide any stacktrace information)
Command duration or timeout: 0 milliseconds
Build info: version: '3.7.1', revision: '8a0099a', time: '2017-11-06T21:07:36.161Z'
System info: host: '5CG7200TWH', ip: '10.136.80.126', os.name: 'Windows 10', os.arch: 'amd64', os.version: '10.0', java.version: '1.8.0_102'
Driver info: com.kms.katalon.selenium.driver.CChromeDriver
Capabilities {acceptInsecureCerts: false, acceptSslCerts: false, applicationCacheEnabled: false, browserConnectionEnabled: false, browserName: chrome, chrome: {chromedriverVersion: 2.35.528161 (5b82f2d2aae0ca..., userDataDir: C:\Users\ROOPNA~1\AppData\L...}, cssSelectorsEnabled: true, databaseEnabled: false, handlesAlerts: true, hasTouchScreen: false, javascriptEnabled: true, locationContextEnabled: true, mobileEmulationEnabled: false, nativeEvents: true, networkConnectionEnabled: false, pageLoadStrategy: normal, platform: XP, platformName: XP, rotatable: false, setWindowRect: true, takesHeapSnapshot: true, takesScreenshot: true, unexpectedAlertBehaviour: , unhandledPromptBehavior: , version: 68.0.3440.106, webStorageEnabled: true}
Session ID: addb4ca4ff64f462c53d189f59e0734c)
[[ATTACHMENT|C:\\Users\\ROOPNARAS01\\git\\Katalon Studio\\TestAutomation\\Reports\\Regression Tests\\Add, Edit and Delete records on Department Details screen\\20180905_111043\\1536131678834.png]]]]></system-out>
         <system-err><![CDATA[2018-09-05 11:14:34 - [TEST_CASE][FAILED] - Test Cases/Edit Records/Edit - Department Details Save: Test Cases/Edit Records/Edit - Department Details Save FAILED because (of) Unable to click on object 'Object Repository/Edit Records/Edit - Department Details Save/a_Edit' (Root cause: org.openqa.selenium.WebDriverException: unknown error: Element <a class="display-modec2609ebc-8d89-4a02-a7b6-075aa8cf2448 btn btn-default disableButton btn-sm disabled" onclick="myFunction('c2609ebc-8d89-4a02-a7b6-075aa8cf2448')">...</a> is not clickable at point (344, 361). Other element would receive the click: <td style="width:250px" class="sorting_1">...</td>
  (Session info: chrome=68.0.3440.106)
  (Driver info: chromedriver=2.35.528161 (5b82f2d2aae0ca24b877009200ced9065a772e73),platform=Windows NT 10.0.16299 x86_64) (WARNING: The server did not provide any stacktrace information)
Command duration or timeout: 0 milliseconds
Build info: version: '3.7.1', revision: '8a0099a', time: '2017-11-06T21:07:36.161Z'
System info: host: '5CG7200TWH', ip: '10.136.80.126', os.name: 'Windows 10', os.arch: 'amd64', os.version: '10.0', java.version: '1.8.0_102'
Driver info: com.kms.katalon.selenium.driver.CChromeDriver
Capabilities {acceptInsecureCerts: false, acceptSslCerts: false, applicationCacheEnabled: false, browserConnectionEnabled: false, browserName: chrome, chrome: {chromedriverVersion: 2.35.528161 (5b82f2d2aae0ca..., userDataDir: C:\Users\ROOPNA~1\AppData\L...}, cssSelectorsEnabled: true, databaseEnabled: false, handlesAlerts: true, hasTouchScreen: false, javascriptEnabled: true, locationContextEnabled: true, mobileEmulationEnabled: false, nativeEvents: true, networkConnectionEnabled: false, pageLoadStrategy: normal, platform: XP, platformName: XP, rotatable: false, setWindowRect: true, takesHeapSnapshot: true, takesScreenshot: true, unexpectedAlertBehaviour: , unhandledPromptBehavior: , version: 68.0.3440.106, webStorageEnabled: true}
Session ID: addb4ca4ff64f462c53d189f59e0734c)]]></system-err>
      </testcase>
      <testcase name="Test Cases/Delete records/Delete - Department Details Cancel" classname="Test Cases/Delete records/Delete - Department Details Cancel" status="FAILED">
         <failure type="FAILED" message="Unable to click on object 'Object Repository/Delete Records/Delete - Department Details Cancel/Delete' (Root cause: com.kms.katalon.core.webui.exception.WebElementNotFoundException: Web element with id: 'Object Repository/Delete Records/Delete - Department Details Cancel/Delete' located by 'By.xpath: //a[(text() = ' Delete' or . = ' Delete')]' not found)"/>
         <system-out><![CDATA[2018-09-05 11:14:39 - [TEST_CASE][FAILED] - Test Cases/Delete records/Delete - Department Details Cancel: Test Cases/Delete records/Delete - Department Details Cancel FAILED because (of) Unable to click on object 'Object Repository/Delete Records/Delete - Department Details Cancel/Delete' (Root cause: com.kms.katalon.core.webui.exception.WebElementNotFoundException: Web element with id: 'Object Repository/Delete Records/Delete - Department Details Cancel/Delete' located by 'By.xpath: //a[(text() = ' Delete' or . = ' Delete')]' not found)

2018-09-05 11:14:39 - [TEST_STEP][PASSED] - delay: Delayed 2 second(s)

2018-09-05 11:14:41 - [MESSAGE][PASSED] - Delayed 2 second(s)

2018-09-05 11:14:41 - [TEST_STEP][PASSED] - setText: Text '8888' is set on object 'Object Repository/Delete Records/Delete - Department Details Cancel/Search'

2018-09-05 11:14:41 - [MESSAGE][PASSED] - Text '8888' is set on object 'Object Repository/Delete Records/Delete - Department Details Cancel/Search'

2018-09-05 11:14:41 - [TEST_STEP][PASSED] - delay: Delayed 2 second(s)

2018-09-05 11:14:43 - [MESSAGE][PASSED] - Delayed 2 second(s)

2018-09-05 11:14:43 - [TEST_STEP][FAILED] - click: Unable to click on object 'Object Repository/Delete Records/Delete - Department Details Cancel/Delete' (Root cause: com.kms.katalon.core.webui.exception.WebElementNotFoundException: Web element with id: 'Object Repository/Delete Records/Delete - Department Details Cancel/Delete' located by 'By.xpath: //a[(text() = ' Delete' or . = ' Delete')]' not found)

2018-09-05 11:15:16 - [MESSAGE][FAILED] - Unable to click on object 'Object Repository/Delete Records/Delete - Department Details Cancel/Delete' (Root cause: com.kms.katalon.core.webui.exception.WebElementNotFoundException: Web element with id: 'Object Repository/Delete Records/Delete - Department Details Cancel/Delete' located by 'By.xpath: //a[(text() = ' Delete' or . = ' Delete')]' not found)
[[ATTACHMENT|C:\\Users\\ROOPNARAS01\\git\\Katalon Studio\\TestAutomation\\Reports\\Regression Tests\\Add, Edit and Delete records on Department Details screen\\20180905_111043\\1536131715834.png]]]]></system-out>
         <system-err><![CDATA[2018-09-05 11:14:39 - [TEST_CASE][FAILED] - Test Cases/Delete records/Delete - Department Details Cancel: Test Cases/Delete records/Delete - Department Details Cancel FAILED because (of) Unable to click on object 'Object Repository/Delete Records/Delete - Department Details Cancel/Delete' (Root cause: com.kms.katalon.core.webui.exception.WebElementNotFoundException: Web element with id: 'Object Repository/Delete Records/Delete - Department Details Cancel/Delete' located by 'By.xpath: //a[(text() = ' Delete' or . = ' Delete')]' not found)]]></system-err>
      </testcase>
      <testcase name="Test Cases/Delete records/Delete - Department Details Save" classname="Test Cases/Delete records/Delete - Department Details Save" status="FAILED">
         <failure type="FAILED" message="Unable to click on object 'Object Repository/Delete Records/Delete - Department Details Save/a_Delete' (Root cause: com.kms.katalon.core.webui.exception.WebElementNotFoundException: Web element with id: 'Object Repository/Delete Records/Delete - Department Details Save/a_Delete' located by 'By.xpath: //a[(text() = ' Delete' or . = ' Delete')]' not found)"/>
         <system-out><![CDATA[2018-09-05 11:15:16 - [TEST_CASE][FAILED] - Test Cases/Delete records/Delete - Department Details Save: Test Cases/Delete records/Delete - Department Details Save FAILED because (of) Unable to click on object 'Object Repository/Delete Records/Delete - Department Details Save/a_Delete' (Root cause: com.kms.katalon.core.webui.exception.WebElementNotFoundException: Web element with id: 'Object Repository/Delete Records/Delete - Department Details Save/a_Delete' located by 'By.xpath: //a[(text() = ' Delete' or . = ' Delete')]' not found)

2018-09-05 11:15:16 - [TEST_STEP][PASSED] - delay: Delayed 2 second(s)

2018-09-05 11:15:18 - [MESSAGE][PASSED] - Delayed 2 second(s)

2018-09-05 11:15:18 - [TEST_STEP][PASSED] - setText: Text '8888' is set on object 'Object Repository/Delete Records/Delete - Department Details Save/input'

2018-09-05 11:15:18 - [MESSAGE][PASSED] - Text '8888' is set on object 'Object Repository/Delete Records/Delete - Department Details Save/input'

2018-09-05 11:15:18 - [TEST_STEP][PASSED] - delay: Delayed 2 second(s)

2018-09-05 11:15:20 - [MESSAGE][PASSED] - Delayed 2 second(s)

2018-09-05 11:15:20 - [TEST_STEP][FAILED] - click: Unable to click on object 'Object Repository/Delete Records/Delete - Department Details Save/a_Delete' (Root cause: com.kms.katalon.core.webui.exception.WebElementNotFoundException: Web element with id: 'Object Repository/Delete Records/Delete - Department Details Save/a_Delete' located by 'By.xpath: //a[(text() = ' Delete' or . = ' Delete')]' not found)

2018-09-05 11:15:53 - [MESSAGE][FAILED] - Unable to click on object 'Object Repository/Delete Records/Delete - Department Details Save/a_Delete' (Root cause: com.kms.katalon.core.webui.exception.WebElementNotFoundException: Web element with id: 'Object Repository/Delete Records/Delete - Department Details Save/a_Delete' located by 'By.xpath: //a[(text() = ' Delete' or . = ' Delete')]' not found)
[[ATTACHMENT|C:\\Users\\ROOPNARAS01\\git\\Katalon Studio\\TestAutomation\\Reports\\Regression Tests\\Add, Edit and Delete records on Department Details screen\\20180905_111043\\1536131752518.png]]]]></system-out>
         <system-err><![CDATA[2018-09-05 11:15:16 - [TEST_CASE][FAILED] - Test Cases/Delete records/Delete - Department Details Save: Test Cases/Delete records/Delete - Department Details Save FAILED because (of) Unable to click on object 'Object Repository/Delete Records/Delete - Department Details Save/a_Delete' (Root cause: com.kms.katalon.core.webui.exception.WebElementNotFoundException: Web element with id: 'Object Repository/Delete Records/Delete - Department Details Save/a_Delete' located by 'By.xpath: //a[(text() = ' Delete' or . = ' Delete')]' not found)]]></system-err>
      </testcase>
      <testcase name="Test Cases/Logout/Logout" classname="Test Cases/Logout/Logout" status="FAILED">
         <failure type="FAILED" message="Unable to click on object 'Object Repository/Logout/a_Logout' (Root cause: com.kms.katalon.core.webui.exception.WebElementNotFoundException: Web element with id: 'Object Repository/Logout/a_Logout' located by 'By.xpath: //a[@href = '/Account/SignOut' and (text() = 'Logout' or . = 'Logout')]' not found)"/>
         <system-out><![CDATA[2018-09-05 11:15:53 - [TEST_CASE][FAILED] - Test Cases/Logout/Logout: Test Cases/Logout/Logout FAILED because (of) Unable to click on object 'Object Repository/Logout/a_Logout' (Root cause: com.kms.katalon.core.webui.exception.WebElementNotFoundException: Web element with id: 'Object Repository/Logout/a_Logout' located by 'By.xpath: //a[@href = '/Account/SignOut' and (text() = 'Logout' or . = 'Logout')]' not found)

2018-09-05 11:15:53 - [TEST_STEP][FAILED] - click: Unable to click on object 'Object Repository/Logout/a_Logout' (Root cause: com.kms.katalon.core.webui.exception.WebElementNotFoundException: Web element with id: 'Object Repository/Logout/a_Logout' located by 'By.xpath: //a[@href = '/Account/SignOut' and (text() = 'Logout' or . = 'Logout')]' not found)

2018-09-05 11:16:25 - [MESSAGE][FAILED] - Unable to click on object 'Object Repository/Logout/a_Logout' (Root cause: com.kms.katalon.core.webui.exception.WebElementNotFoundException: Web element with id: 'Object Repository/Logout/a_Logout' located by 'By.xpath: //a[@href = '/Account/SignOut' and (text() = 'Logout' or . = 'Logout')]' not found)
[[ATTACHMENT|C:\\Users\\ROOPNARAS01\\git\\Katalon Studio\\TestAutomation\\Reports\\Regression Tests\\Add, Edit and Delete records on Department Details screen\\20180905_111043\\1536131785532.png]]]]></system-out>
         <system-err><![CDATA[2018-09-05 11:15:53 - [TEST_CASE][FAILED] - Test Cases/Logout/Logout: Test Cases/Logout/Logout FAILED because (of) Unable to click on object 'Object Repository/Logout/a_Logout' (Root cause: com.kms.katalon.core.webui.exception.WebElementNotFoundException: Web element with id: 'Object Repository/Logout/a_Logout' located by 'By.xpath: //a[@href = '/Account/SignOut' and (text() = 'Logout' or . = 'Logout')]' not found)]]></system-err>
      </testcase>
      <system-out><![CDATA[2018-09-05 11:10:47 - [TEST_SUITE][FAILED] - Add, Edit and Delete records on Department Details screen: Test Cases/Dropdown Lists/Payroll Number - Department Details FAILED because (of) Unable to select option by value 'c252159e-8f76-44c3-81ae-5da3541da275' of object 'Object Repository/Dropdown Lists/Payroll Number - Department Details/select_181818 - Zing Zing19191'  using regular expression (Root cause: com.kms.katalon.core.webui.exception.WebElementNotFoundException: Web element with id: 'Object Repository/Dropdown Lists/Payroll Number - Department Details/select_181818 - Zing Zing19191' located by 'By.xpath: //select[@id = 'PayrollCompanyList' and @name = 'PayrollCompanyList' and (text() = '181818 - Zing Zing
191919 - Won Ton
171717 - Ming Ming
258963 - Ming Ming
' or . = '181818 - Zing Zing
191919 - Won Ton
171717 - Ming Ming
258963 - Ming Ming
')]' not found)]]></system-out>
      <system-err><![CDATA[2018-09-05 11:10:47 - [TEST_SUITE][FAILED] - Add, Edit and Delete records on Department Details screen: Test Cases/Dropdown Lists/Payroll Number - Department Details FAILED because (of) Unable to select option by value 'c252159e-8f76-44c3-81ae-5da3541da275' of object 'Object Repository/Dropdown Lists/Payroll Number - Department Details/select_181818 - Zing Zing19191'  using regular expression (Root cause: com.kms.katalon.core.webui.exception.WebElementNotFoundException: Web element with id: 'Object Repository/Dropdown Lists/Payroll Number - Department Details/select_181818 - Zing Zing19191' located by 'By.xpath: //select[@id = 'PayrollCompanyList' and @name = 'PayrollCompanyList' and (text() = '181818 - Zing Zing
191919 - Won Ton
171717 - Ming Ming
258963 - Ming Ming
' or . = '181818 - Zing Zing
191919 - Won Ton
171717 - Ming Ming
258963 - Ming Ming
')]' not found)]]></system-err>
   </testsuite>
</testsuites>
